opensrp-chw/build/intermediates/manifest_merge_blame_file/pathfinderDebug/manifest-merger-blame-pathfinder-debug-report.txt
1<?xml version="1.0" encoding="utf-8"?>
2<manifest xmlns:android="http://schemas.android.com/apk/res/android"
3    package="org.smartregister.chw.pf"
4    android:versionCode="2"
5    android:versionName="1.0.2" >
6
7    <uses-sdk
8        android:minSdkVersion="18"
8-->src/main/AndroidManifest.xml
9        android:targetSdkVersion="28" />
9-->src/main/AndroidManifest.xml
10
11    <uses-feature
11-->src/main/AndroidManifest.xml:6:5-8:36
12        android:name="android.hardware.camera"
12-->src/main/AndroidManifest.xml:7:9-47
13        android:required="false" />
13-->src/main/AndroidManifest.xml:8:9-33
14    <uses-feature
14-->src/main/AndroidManifest.xml:9:5-11:36
15        android:name="android.hardware.camera.autofocus"
15-->src/main/AndroidManifest.xml:10:9-57
16        android:required="true" />
16-->src/main/AndroidManifest.xml:11:9-33
17    <uses-feature
17-->src/main/AndroidManifest.xml:12:5-14:36
18        android:name="android.hardware.telephony"
18-->src/main/AndroidManifest.xml:13:9-50
19        android:required="false" />
19-->src/main/AndroidManifest.xml:14:9-33
20
21    <uses-permission android:name="android.permission.CAMERA" />
21-->src/main/AndroidManifest.xml:16:5-65
21-->src/main/AndroidManifest.xml:16:22-62
22    <uses-permission android:name="android.permission.READ_EXTERNAL_STORAGE" />
22-->src/main/AndroidManifest.xml:17:5-80
22-->src/main/AndroidManifest.xml:17:22-77
23    <uses-permission android:name="android.permission.WRITE_EXTERNAL_STORAGE" />
23-->src/main/AndroidManifest.xml:18:5-81
23-->src/main/AndroidManifest.xml:18:22-78
24    <uses-permission android:name="android.permission.READ_INTERNAL_STORAGE" />
24-->src/main/AndroidManifest.xml:19:5-80
24-->src/main/AndroidManifest.xml:19:22-77
25    <uses-permission android:name="android.permission.WRITE_INTERNAL_STORAGE" />
25-->src/main/AndroidManifest.xml:20:5-81
25-->src/main/AndroidManifest.xml:20:22-78
26    <uses-permission android:name="android.permission.INTERNET" />
26-->src/main/AndroidManifest.xml:21:5-67
26-->src/main/AndroidManifest.xml:21:22-64
27    <uses-permission android:name="android.permission.ACCESS_NETWORK_STATE" />
27-->src/main/AndroidManifest.xml:22:5-79
27-->src/main/AndroidManifest.xml:22:22-76
28    <uses-permission android:name="android.permission.RECEIVE_BOOT_COMPLETED" />
28-->src/main/AndroidManifest.xml:23:5-81
28-->src/main/AndroidManifest.xml:23:22-78
29    <uses-permission android:name="android.permission.WAKE_LOCK" />
29-->src/main/AndroidManifest.xml:24:5-68
29-->src/main/AndroidManifest.xml:24:22-65
30    <uses-permission android:name="android.permission.CALL_PHONE" />
30-->src/main/AndroidManifest.xml:25:5-69
30-->src/main/AndroidManifest.xml:25:22-66
31    <uses-permission android:name="android.permission.READ_PHONE_STATE" />
31-->[org.smartregister:opensrp-client-chw-core:1.2.11-Pathfinder-SNAPSHOT] AndroidManifest.xml:12:5-75
31-->[org.smartregister:opensrp-client-chw-core:1.2.11-Pathfinder-SNAPSHOT] AndroidManifest.xml:12:22-72
32    <uses-permission android:name="android.permission.READ_PHONE_NUMBERS" />
32-->[org.smartregister:opensrp-client-chw-referral:1.3.0-SNAPSHOT] AndroidManifest.xml:11:5-77
32-->[org.smartregister:opensrp-client-chw-referral:1.3.0-SNAPSHOT] AndroidManifest.xml:11:22-74
33    <uses-permission android:name="android.permission.VIBRATE" />
33-->[org.smartregister:opensrp-client-core:1.11.5-SNAPSHOT] AndroidManifest.xml:15:5-66
33-->[org.smartregister:opensrp-client-core:1.11.5-SNAPSHOT] AndroidManifest.xml:15:22-63
34    <uses-permission android:name="android.permission.ACCESS_FINE_LOCATION" />
34-->[org.smartregister:opensrp-client-core:1.11.5-SNAPSHOT] AndroidManifest.xml:20:5-79
34-->[org.smartregister:opensrp-client-core:1.11.5-SNAPSHOT] AndroidManifest.xml:20:22-76
35    <uses-permission android:name="android.permission.ACCESS_WIFI_STATE" /> <!-- Required for Nearby Connections -->
35-->[org.smartregister:opensrp-client-native-form:1.10.0-Test-SNAPSHOT] AndroidManifest.xml:17:5-76
35-->[org.smartregister:opensrp-client-native-form:1.10.0-Test-SNAPSHOT] AndroidManifest.xml:17:22-73
36    <uses-permission android:name="android.permission.BLUETOOTH" />
36-->[org.smartregister:android-p2p-sync:0.3.6-SNAPSHOT] AndroidManifest.xml:12:5-68
36-->[org.smartregister:android-p2p-sync:0.3.6-SNAPSHOT] AndroidManifest.xml:12:22-65
37    <uses-permission android:name="android.permission.BLUETOOTH_ADMIN" />
37-->[org.smartregister:android-p2p-sync:0.3.6-SNAPSHOT] AndroidManifest.xml:13:5-74
37-->[org.smartregister:android-p2p-sync:0.3.6-SNAPSHOT] AndroidManifest.xml:13:22-71
38    <uses-permission android:name="android.permission.CHANGE_WIFI_STATE" />
38-->[org.smartregister:android-p2p-sync:0.3.6-SNAPSHOT] AndroidManifest.xml:15:5-76
38-->[org.smartregister:android-p2p-sync:0.3.6-SNAPSHOT] AndroidManifest.xml:15:22-73
39    <uses-permission android:name="android.permission.ACCESS_COARSE_LOCATION" />
39-->[org.smartregister:android-p2p-sync:0.3.6-SNAPSHOT] AndroidManifest.xml:16:5-81
39-->[org.smartregister:android-p2p-sync:0.3.6-SNAPSHOT] AndroidManifest.xml:16:22-78
40
41    <uses-feature
41-->[com.journeyapps:zxing-android-embedded:3.6.0] AndroidManifest.xml:28:5-30:36
42        android:name="android.hardware.camera.front"
42-->[com.journeyapps:zxing-android-embedded:3.6.0] AndroidManifest.xml:29:9-53
43        android:required="false" />
43-->[com.journeyapps:zxing-android-embedded:3.6.0] AndroidManifest.xml:30:9-33
44    <uses-feature
44-->[com.journeyapps:zxing-android-embedded:3.6.0] AndroidManifest.xml:36:5-38:36
45        android:name="android.hardware.camera.flash"
45-->[com.journeyapps:zxing-android-embedded:3.6.0] AndroidManifest.xml:37:9-53
46        android:required="false" />
46-->[com.journeyapps:zxing-android-embedded:3.6.0] AndroidManifest.xml:38:9-33
47    <uses-feature
47-->[com.journeyapps:zxing-android-embedded:3.6.0] AndroidManifest.xml:39:5-41:36
48        android:name="android.hardware.screen.landscape"
48-->[com.journeyapps:zxing-android-embedded:3.6.0] AndroidManifest.xml:40:9-57
49        android:required="false" />
49-->[com.journeyapps:zxing-android-embedded:3.6.0] AndroidManifest.xml:41:9-33
50    <uses-feature
50-->[com.journeyapps:zxing-android-embedded:3.6.0] AndroidManifest.xml:42:5-44:36
51        android:name="android.hardware.wifi"
51-->[com.journeyapps:zxing-android-embedded:3.6.0] AndroidManifest.xml:43:9-45
52        android:required="false" />
52-->[com.journeyapps:zxing-android-embedded:3.6.0] AndroidManifest.xml:44:9-33
53
54    <application
54-->src/main/AndroidManifest.xml:27:5-291:19
55        android:name="org.smartregister.chw.application.ChwApplication"
55-->src/main/AndroidManifest.xml:28:9-51
56        android:allowBackup="true"
56-->src/main/AndroidManifest.xml:29:9-35
57        android:appComponentFactory="androidx.core.app.CoreComponentFactory"
57-->[androidx.core:core:1.2.0] AndroidManifest.xml:24:18-86
58        android:clearTaskOnLaunch="true"
58-->[org.smartregister:opensrp-client-core:1.11.5-SNAPSHOT] AndroidManifest.xml:27:9-41
59        android:debuggable="true"
60        android:label="@string/app_name"
60-->[org.smartregister:opensrp-client-core:1.11.5-SNAPSHOT] AndroidManifest.xml:28:9-41
61        android:largeHeap="true"
61-->[org.smartregister:opensrp-client-core:1.11.5-SNAPSHOT] AndroidManifest.xml:29:9-33
62        android:supportsRtl="true"
62-->src/main/AndroidManifest.xml:30:9-35
63        android:testOnly="true"
64        android:theme="@style/ChwTheme"
64-->src/main/AndroidManifest.xml:31:9-40
65        android:usesCleartextTraffic="true" >
65-->src/main/AndroidManifest.xml:32:9-44
66        <activity
66-->src/main/AndroidManifest.xml:34:9-37:59
67            android:name="org.smartregister.chw.activity.FamilyPlanningMemberProfileActivity"
67-->src/main/AndroidManifest.xml:35:13-73
68            android:label="@string/family_planning"
68-->src/main/AndroidManifest.xml:36:13-52
69            android:theme="@style/ChwTheme.NoActionBar" />
69-->src/main/AndroidManifest.xml:37:13-56
70        <activity
70-->src/main/AndroidManifest.xml:38:9-40:59
71            android:name="org.smartregister.chw.activity.AncUpcomingServicesActivity"
71-->src/main/AndroidManifest.xml:39:13-65
72            android:theme="@style/ChwTheme.NoActionBar" />
72-->src/main/AndroidManifest.xml:40:13-56
73        <activity
73-->src/main/AndroidManifest.xml:41:9-43:59
74            android:name="org.smartregister.chw.activity.AncMedicalHistoryActivity"
74-->src/main/AndroidManifest.xml:42:13-63
75            android:theme="@style/ChwTheme.NoActionBar" />
75-->src/main/AndroidManifest.xml:43:13-56
76        <activity
76-->src/main/AndroidManifest.xml:44:9-46:59
77            android:name="org.smartregister.chw.activity.AncHomeVisitActivity"
77-->src/main/AndroidManifest.xml:45:13-58
78            android:theme="@style/ChwTheme.NoActionBar" />
78-->src/main/AndroidManifest.xml:46:13-56
79        <activity
79-->src/main/AndroidManifest.xml:47:9-49:59
80            android:name="org.smartregister.chw.activity.AncRegisterActivity"
80-->src/main/AndroidManifest.xml:48:13-57
81            android:theme="@style/ChwTheme.NoActionBar" />
81-->src/main/AndroidManifest.xml:49:13-56
82        <activity
82-->src/main/AndroidManifest.xml:50:9-52:59
83            android:name="org.smartregister.chw.activity.AncMemberProfileActivity"
83-->src/main/AndroidManifest.xml:51:13-62
84            android:theme="@style/ChwTheme.NoActionBar" />
84-->src/main/AndroidManifest.xml:52:13-56
85        <activity
85-->src/main/AndroidManifest.xml:53:9-55:59
86            android:name="org.smartregister.chw.activity.PncUpcomingServicesActivity"
86-->src/main/AndroidManifest.xml:54:13-65
87            android:theme="@style/ChwTheme.NoActionBar" />
87-->src/main/AndroidManifest.xml:55:13-56
88        <activity
88-->src/main/AndroidManifest.xml:56:9-58:59
89            android:name="org.smartregister.chw.activity.PncMedicalHistoryActivity"
89-->src/main/AndroidManifest.xml:57:13-63
90            android:theme="@style/ChwTheme.NoActionBar" />
90-->src/main/AndroidManifest.xml:58:13-56
91        <activity
91-->src/main/AndroidManifest.xml:59:9-61:59
92            android:name="org.smartregister.chw.activity.PncHomeVisitActivity"
92-->src/main/AndroidManifest.xml:60:13-58
93            android:theme="@style/ChwTheme.NoActionBar" />
93-->src/main/AndroidManifest.xml:61:13-56
94        <activity
94-->src/main/AndroidManifest.xml:62:9-64:59
95            android:name="org.smartregister.chw.activity.PncRegisterActivity"
95-->src/main/AndroidManifest.xml:63:13-57
96            android:theme="@style/ChwTheme.NoActionBar" />
96-->src/main/AndroidManifest.xml:64:13-56
97        <activity
97-->src/main/AndroidManifest.xml:65:9-67:59
98            android:name="org.smartregister.chw.activity.PncMemberProfileActivity"
98-->src/main/AndroidManifest.xml:66:13-62
99            android:theme="@style/ChwTheme.NoActionBar" />
99-->src/main/AndroidManifest.xml:67:13-56
100        <activity
100-->src/main/AndroidManifest.xml:68:9-70:59
101            android:name="org.smartregister.chw.activity.MalariaRegisterActivity"
101-->src/main/AndroidManifest.xml:69:13-61
102            android:theme="@style/ChwTheme.NoActionBar" />
102-->src/main/AndroidManifest.xml:70:13-56
103        <activity
103-->src/main/AndroidManifest.xml:71:9-73:59
104            android:name="org.smartregister.chw.activity.FpRegisterActivity"
104-->src/main/AndroidManifest.xml:72:13-56
105            android:theme="@style/ChwTheme.NoActionBar" />
105-->src/main/AndroidManifest.xml:73:13-56
106        <activity android:name="org.smartregister.chw.core.activity.ChwP2pModeSelectActivity" />
106-->src/main/AndroidManifest.xml:74:9-76
106-->src/main/AndroidManifest.xml:74:19-73
107        <activity
107-->src/main/AndroidManifest.xml:75:9-77:59
108            android:name="org.smartregister.chw.activity.JobAidsActivity"
108-->src/main/AndroidManifest.xml:76:13-53
109            android:theme="@style/ChwTheme.NoActionBar" />
109-->src/main/AndroidManifest.xml:77:13-56
110        <activity
110-->src/main/AndroidManifest.xml:78:9-80:59
111            android:name="org.smartregister.chw.activity.FamilyRemoveMemberActivity"
111-->src/main/AndroidManifest.xml:79:13-64
112            android:theme="@style/ChwTheme.NoActionBar" />
112-->src/main/AndroidManifest.xml:80:13-56
113        <activity
113-->src/main/AndroidManifest.xml:81:9-84:59
114            android:name="org.smartregister.chw.activity.FamilyProfileMenuActivity"
114-->src/main/AndroidManifest.xml:82:13-63
115            android:screenOrientation="portrait"
115-->src/main/AndroidManifest.xml:83:13-49
116            android:theme="@style/ChwTheme.NoActionBar" />
116-->src/main/AndroidManifest.xml:84:13-56
117        <activity
117-->src/main/AndroidManifest.xml:85:9-89:59
118            android:name="org.smartregister.chw.activity.FamilyRegisterActivity"
118-->src/main/AndroidManifest.xml:86:13-60
119            android:label="@string/app_name"
119-->src/main/AndroidManifest.xml:87:13-45
120            android:screenOrientation="portrait"
120-->src/main/AndroidManifest.xml:88:13-49
121            android:theme="@style/ChwTheme.NoActionBar" />
121-->src/main/AndroidManifest.xml:89:13-56
122        <activity
122-->src/main/AndroidManifest.xml:90:9-99:20
123            android:name="org.smartregister.chw.activity.FamilyProfileActivity"
123-->src/main/AndroidManifest.xml:91:13-59
124            android:label="@string/title_family_detail"
124-->src/main/AndroidManifest.xml:92:13-56
125            android:parentActivityName="org.smartregister.chw.activity.FamilyRegisterActivity"
125-->src/main/AndroidManifest.xml:93:13-74
126            android:screenOrientation="portrait"
126-->src/main/AndroidManifest.xml:94:13-49
127            android:theme="@style/ChwTheme.NoActionBar" >
127-->src/main/AndroidManifest.xml:95:13-56
128            <meta-data
128-->src/main/AndroidManifest.xml:96:13-98:89
129                android:name="android.support.PARENT_ACTIVITY"
129-->src/main/AndroidManifest.xml:97:17-63
130                android:value="org.smartregister.chw.activity.FamilyRegisterActivity" />
130-->src/main/AndroidManifest.xml:98:17-86
131        </activity>
132        <activity
132-->src/main/AndroidManifest.xml:100:9-108:20
133            android:name="org.smartregister.chw.activity.FamilyOtherMemberProfileActivity"
133-->src/main/AndroidManifest.xml:101:13-70
134            android:label="@string/title_family_detail"
134-->src/main/AndroidManifest.xml:102:13-56
135            android:parentActivityName="org.smartregister.chw.activity.FamilyRegisterActivity"
135-->src/main/AndroidManifest.xml:103:13-74
136            android:theme="@style/FamilyTheme.NoActionBar" >
136-->src/main/AndroidManifest.xml:104:13-59
137            <meta-data
137-->src/main/AndroidManifest.xml:96:13-98:89
138                android:name="android.support.PARENT_ACTIVITY"
138-->src/main/AndroidManifest.xml:97:17-63
139                android:value=".activity.FamilyProfileActivity" />
139-->src/main/AndroidManifest.xml:98:17-86
140        </activity>
141        <activity
141-->src/main/AndroidManifest.xml:109:9-114:76
142            android:name="org.smartregister.family.activity.FamilyWizardFormActivity"
142-->src/main/AndroidManifest.xml:110:13-86
143            android:launchMode="singleTask"
143-->src/main/AndroidManifest.xml:111:13-44
144            android:screenOrientation="portrait"
144-->src/main/AndroidManifest.xml:112:13-49
145            android:theme="@style/FamilyTheme.NoActionBar"
145-->src/main/AndroidManifest.xml:113:13-59
146            android:windowSoftInputMode="stateAlwaysHidden|adjustResize" />
146-->src/main/AndroidManifest.xml:114:13-73
147        <activity
147-->src/main/AndroidManifest.xml:115:9-117:59
148            android:name="org.smartregister.chw.activity.ChildRegisterActivity"
148-->src/main/AndroidManifest.xml:116:13-59
149            android:theme="@style/ChwTheme.NoActionBar" />
149-->src/main/AndroidManifest.xml:117:13-56
150        <activity
150-->src/main/AndroidManifest.xml:118:9-120:59
151            android:name="org.smartregister.chw.activity.ChildHomeVisitActivity"
151-->src/main/AndroidManifest.xml:119:13-60
152            android:theme="@style/ChwTheme.NoActionBar" />
152-->src/main/AndroidManifest.xml:120:13-56
153        <activity
153-->src/main/AndroidManifest.xml:121:9-124:59
154            android:name="org.smartregister.chw.activity.ChildProfileActivity"
154-->src/main/AndroidManifest.xml:122:13-58
155            android:label="@string/child_details"
155-->src/main/AndroidManifest.xml:123:13-50
156            android:theme="@style/ChwTheme.NoActionBar" />
156-->src/main/AndroidManifest.xml:124:13-56
157        <activity
157-->src/main/AndroidManifest.xml:125:9-128:59
158            android:name="org.smartregister.chw.activity.ChildMedicalHistoryActivity"
158-->src/main/AndroidManifest.xml:126:13-65
159            android:label="@string/medical_history"
159-->src/main/AndroidManifest.xml:127:13-52
160            android:theme="@style/ChwTheme.NoActionBar" />
160-->src/main/AndroidManifest.xml:128:13-56
161        <activity
161-->src/main/AndroidManifest.xml:129:9-132:59
162            android:name="org.smartregister.chw.core.activity.CoreChildMedicalHistoryActivity"
162-->src/main/AndroidManifest.xml:130:13-74
163            android:label="@string/medical_history"
163-->src/main/AndroidManifest.xml:131:13-52
164            android:theme="@style/ChwTheme.NoActionBar" />
164-->src/main/AndroidManifest.xml:132:13-56
165        <activity
165-->src/main/AndroidManifest.xml:133:9-136:59
166            android:name="org.smartregister.chw.core.activity.CoreUpcomingServicesActivity"
166-->src/main/AndroidManifest.xml:134:13-71
167            android:label="@string/upcoming_services"
167-->src/main/AndroidManifest.xml:135:13-54
168            android:theme="@style/ChwTheme.NoActionBar" />
168-->src/main/AndroidManifest.xml:136:13-56
169        <activity
169-->src/main/AndroidManifest.xml:137:9-140:59
170            android:name="org.smartregister.chw.core.activity.CoreFpUpcomingServicesActivity"
170-->src/main/AndroidManifest.xml:138:13-73
171            android:label="@string/upcoming_services"
171-->src/main/AndroidManifest.xml:139:13-54
172            android:theme="@style/ChwTheme.NoActionBar" />
172-->src/main/AndroidManifest.xml:140:13-56
173        <activity
173-->src/main/AndroidManifest.xml:141:9-143:59
174            android:name="org.smartregister.chw.activity.IndividualProfileRemoveActivity"
174-->src/main/AndroidManifest.xml:142:13-69
175            android:theme="@style/ChwTheme.NoActionBar" />
175-->src/main/AndroidManifest.xml:143:13-56
176        <activity
176-->src/main/AndroidManifest.xml:144:9-146:59
177            android:name="org.smartregister.chw.activity.ClientReferralActivity"
177-->src/main/AndroidManifest.xml:145:13-60
178            android:theme="@style/ChwTheme.NoActionBar" />
178-->src/main/AndroidManifest.xml:146:13-56
179        <activity
179-->src/main/AndroidManifest.xml:147:9-161:20
180            android:name="org.smartregister.chw.activity.LoginActivity"
180-->src/main/AndroidManifest.xml:148:13-51
181            android:icon="@drawable/ic_launcher"
181-->src/main/AndroidManifest.xml:149:13-49
182            android:label="@string/app_name"
182-->src/main/AndroidManifest.xml:150:13-45
183            android:launchMode="singleTask"
183-->src/main/AndroidManifest.xml:151:13-44
184            android:roundIcon="@drawable/ic_launcher_round"
184-->src/main/AndroidManifest.xml:152:13-60
185            android:screenOrientation="portrait"
185-->src/main/AndroidManifest.xml:153:13-49
186            android:theme="@style/ChwTheme.Login"
186-->src/main/AndroidManifest.xml:154:13-50
187            android:windowSoftInputMode="stateAlwaysHidden|adjustResize" >
187-->src/main/AndroidManifest.xml:155:13-73
188            <intent-filter>
188-->src/main/AndroidManifest.xml:156:13-160:29
189                <action android:name="android.intent.action.MAIN" />
189-->src/main/AndroidManifest.xml:157:17-69
189-->src/main/AndroidManifest.xml:157:25-66
190
191                <category android:name="android.intent.category.LAUNCHER" />
191-->src/main/AndroidManifest.xml:159:17-77
191-->src/main/AndroidManifest.xml:159:27-74
192            </intent-filter>
193        </activity>
194        <activity
194-->src/main/AndroidManifest.xml:162:9-165:59
195            android:name="org.smartregister.chw.activity.AboveFiveChildProfileActivity"
195-->src/main/AndroidManifest.xml:163:13-67
196            android:label="@string/child_details"
196-->src/main/AndroidManifest.xml:164:13-50
197            android:theme="@style/ChwTheme.NoActionBar" />
197-->src/main/AndroidManifest.xml:165:13-56
198        <activity
198-->src/main/AndroidManifest.xml:166:9-169:59
199            android:name="org.smartregister.chw.activity.MalariaProfileActivity"
199-->src/main/AndroidManifest.xml:167:13-60
200            android:label="@string/malaria"
200-->src/main/AndroidManifest.xml:168:13-44
201            android:theme="@style/ChwTheme.NoActionBar" />
201-->src/main/AndroidManifest.xml:169:13-56
202        <activity
202-->src/main/AndroidManifest.xml:170:9-173:59
203            android:name="org.smartregister.chw.core.activity.CoreAncRegisterActivity"
203-->src/main/AndroidManifest.xml:171:13-66
204            android:label="@string/anc_register"
204-->src/main/AndroidManifest.xml:172:13-49
205            android:theme="@style/ChwTheme.NoActionBar" />
205-->src/main/AndroidManifest.xml:173:13-56
206        <activity
206-->src/main/AndroidManifest.xml:174:9-176:59
207            android:name="org.smartregister.chw.activity.MalariaUpcomingServicesActivity"
207-->src/main/AndroidManifest.xml:175:13-69
208            android:theme="@style/ChwTheme.NoActionBar" />
208-->src/main/AndroidManifest.xml:176:13-56
209        <activity
209-->src/main/AndroidManifest.xml:177:9-180:59
210            android:name="org.smartregister.chw.activity.ReferralRegisterActivity"
210-->src/main/AndroidManifest.xml:178:13-62
211            android:label="@string/anc_register"
211-->src/main/AndroidManifest.xml:179:13-49
212            android:theme="@style/ChwTheme.NoActionBar" />
212-->src/main/AndroidManifest.xml:180:13-56
213        <activity
213-->src/main/AndroidManifest.xml:181:9-184:59
214            android:name="org.smartregister.chw.activity.ReferralRegistrationActivity"
214-->src/main/AndroidManifest.xml:182:13-66
215            android:label="@string/issue_referral"
215-->src/main/AndroidManifest.xml:183:13-51
216            android:theme="@style/ChwTheme.NoActionBar" />
216-->src/main/AndroidManifest.xml:184:13-56
217        <activity
217-->src/main/AndroidManifest.xml:185:9-187:59
218            android:name="org.smartregister.chw.activity.FpFollowUpVisitActivity"
218-->src/main/AndroidManifest.xml:186:13-61
219            android:theme="@style/ChwTheme.NoActionBar" />
219-->src/main/AndroidManifest.xml:187:13-56
220        <activity
220-->src/main/AndroidManifest.xml:188:9-190:59
221            android:name="org.smartregister.chw.activity.SickFormMedicalHistory"
221-->src/main/AndroidManifest.xml:189:13-60
222            android:theme="@style/ChwTheme.NoActionBar" />
222-->src/main/AndroidManifest.xml:190:13-56
223        <activity
223-->src/main/AndroidManifest.xml:191:9-193:59
224            android:name="org.smartregister.chw.core.activity.HIA2ReportsActivity"
224-->src/main/AndroidManifest.xml:192:13-62
225            android:theme="@style/ChwTheme.NoActionBar" />
225-->src/main/AndroidManifest.xml:193:13-56
226        <activity
226-->src/main/AndroidManifest.xml:194:9-196:59
227            android:name="org.smartregister.chw.core.activity.ReportSummaryActivity"
227-->src/main/AndroidManifest.xml:195:13-64
228            android:theme="@style/ChwTheme.NoActionBar" />
228-->src/main/AndroidManifest.xml:196:13-56
229        <activity
229-->src/main/AndroidManifest.xml:197:9-200:59
230            android:name="org.smartregister.chw.core.activity.ServiceJsonFormActivity"
230-->src/main/AndroidManifest.xml:198:13-66
231            android:label="@string/stock_usage_report"
231-->src/main/AndroidManifest.xml:199:13-55
232            android:theme="@style/ChwTheme.NoActionBar" />
232-->src/main/AndroidManifest.xml:200:13-56
233        <activity
233-->src/main/AndroidManifest.xml:202:11-204:59
234            android:name="org.smartregister.chw.core.activity.CoreStockInventoryReportActivity"
234-->src/main/AndroidManifest.xml:202:22-84
235            android:label="@string/stock_usage_report"
235-->src/main/AndroidManifest.xml:203:13-55
236            android:theme="@style/ChwTheme.NoActionBar" />
236-->src/main/AndroidManifest.xml:204:13-56
237        <activity
237-->src/main/AndroidManifest.xml:205:9-207:59
238            android:name="org.smartregister.chw.core.activity.CoreStockInventoryItemDetailsReportActivity"
238-->src/main/AndroidManifest.xml:206:13-86
239            android:theme="@style/ChwTheme.NoActionBar" />
239-->src/main/AndroidManifest.xml:207:13-56
240        <activity
240-->src/main/AndroidManifest.xml:209:9-211:59
241            android:name="org.smartregister.chw.activity.ReportsActivity"
241-->src/main/AndroidManifest.xml:210:13-53
242            android:theme="@style/ChwTheme.NoActionBar" />
242-->src/main/AndroidManifest.xml:211:13-56
243        <activity
243-->src/main/AndroidManifest.xml:213:9-215:59
244            android:name="org.smartregister.chw.activity.FragmentBaseActivity"
244-->src/main/AndroidManifest.xml:214:13-58
245            android:theme="@style/ChwTheme.NoActionBar" />
245-->src/main/AndroidManifest.xml:215:13-56
246        <activity
246-->src/main/AndroidManifest.xml:216:9-218:59
247            android:name="org.smartregister.chw.activity.PinLoginActivity"
247-->src/main/AndroidManifest.xml:217:13-54
248            android:theme="@style/ChwTheme.NoActionBar" />
248-->src/main/AndroidManifest.xml:218:13-56
249        <activity
249-->src/main/AndroidManifest.xml:219:9-221:59
250            android:name="org.smartregister.chw.activity.AllClientsRegisterActivity"
250-->src/main/AndroidManifest.xml:220:13-64
251            android:theme="@style/ChwTheme.NoActionBar" />
251-->src/main/AndroidManifest.xml:221:13-56
252        <activity
252-->src/main/AndroidManifest.xml:223:9-225:59
253            android:name="org.smartregister.opd.activity.BaseOpdFormActivity"
253-->src/main/AndroidManifest.xml:224:13-78
254            android:theme="@style/ChwTheme.NoActionBar" />
254-->src/main/AndroidManifest.xml:225:13-56
255        <activity
255-->src/main/AndroidManifest.xml:227:9-229:59
256            android:name="org.smartregister.chw.activity.SickChildJsonFormActivity"
256-->src/main/AndroidManifest.xml:228:13-63
257            android:theme="@style/ChwTheme.NoActionBar" />
257-->src/main/AndroidManifest.xml:229:13-56
258        <activity
258-->src/main/AndroidManifest.xml:230:9-232:59
259            android:name="org.smartregister.chw.activity.UpdatesRegisterActivity"
259-->src/main/AndroidManifest.xml:231:13-82
260            android:theme="@style/ChwTheme.NoActionBar" />
260-->src/main/AndroidManifest.xml:232:13-56
261        <activity
261-->src/main/AndroidManifest.xml:233:9-235:59
262            android:name="org.smartregister.chw.activity.UpdateRegisterDetailsActivity"
262-->src/main/AndroidManifest.xml:234:13-88
263            android:theme="@style/ChwTheme.NoActionBar" />
263-->src/main/AndroidManifest.xml:235:13-56
264        <activity
264-->src/main/AndroidManifest.xml:237:9-239:59
265            android:name="org.smartregister.chw.activity.PathfinderFamilyPlanningMemberProfileActivity"
265-->src/main/AndroidManifest.xml:238:13-83
266            android:theme="@style/ChwTheme.NoActionBar" />
266-->src/main/AndroidManifest.xml:239:13-56
267        <activity
267-->src/main/AndroidManifest.xml:240:9-242:59
268            android:name="org.smartregister.chw.activity.PathfinderFamilyPlanningRegisterActivity"
268-->src/main/AndroidManifest.xml:241:13-78
269            android:theme="@style/ChwTheme.NoActionBar" />
269-->src/main/AndroidManifest.xml:242:13-56
270        <activity
270-->src/main/AndroidManifest.xml:243:9-245:59
271            android:name="org.smartregister.chw.activity.PathfinderFamilyPlanningFollowUpVisitActivity"
271-->src/main/AndroidManifest.xml:244:13-83
272            android:theme="@style/ChwTheme.NoActionBar" />
272-->src/main/AndroidManifest.xml:245:13-56
273        <activity
273-->src/main/AndroidManifest.xml:246:9-248:59
274            android:name="org.smartregister.chw.activity.PathfinderFamilyPlanningUpcomingServicesActivity"
274-->src/main/AndroidManifest.xml:247:13-86
275            android:theme="@style/ChwTheme.NoActionBar" />
275-->src/main/AndroidManifest.xml:248:13-56
276        <activity
276-->src/main/AndroidManifest.xml:250:9-254:62
277            android:name="org.smartregister.chw.activity.AllClientsMemberProfileActivity"
277-->src/main/AndroidManifest.xml:251:13-69
278            android:label="@string/title_family_detail"
278-->src/main/AndroidManifest.xml:252:13-56
279            android:parentActivityName="org.smartregister.chw.activity.AllClientsRegisterActivity"
279-->src/main/AndroidManifest.xml:253:13-78
280            android:theme="@style/FamilyTheme.NoActionBar" />
280-->src/main/AndroidManifest.xml:254:13-59
281
282        <meta-data
282-->src/main/AndroidManifest.xml:256:9-258:72
283            android:name="io.fabric.ApiKey"
283-->src/main/AndroidManifest.xml:257:13-44
284            android:value="3f94f9c3caeff331b3a2bd8c2182b663ad6a955a" />
284-->src/main/AndroidManifest.xml:258:13-69
285
286        <provider
287            android:name="androidx.core.content.FileProvider"
287-->src/main/AndroidManifest.xml:261:13-62
288            android:authorities="org.smartregister.chw.pf.fileprovider"